<?xml version="1.0" encoding="UTF-8"?>
<testsuite name="Rotations — full 360° cycles" tests="4" skipped="0" failures="0" errors="0" timestamp="2026-03-28T19:16:00" hostname="Twins-MacBook-Pro.local" time="0.003">
  <properties/>
  <testcase name="Four LEFT turns bring the robot back to NORTH" classname="com.toyrobot.service.RobotServiceTest$Rotations" time="0.0"/>
  <testcase name="NORTH → LEFT = WEST → LEFT = SOUTH → LEFT = EAST → LEFT = NORTH" classname="com.toyrobot.service.RobotServiceTest$Rotations" time="0.0"/>
  <testcase name="NORTH → RIGHT = EAST → RIGHT = SOUTH → RIGHT = WEST → RIGHT = NORTH" classname="com.toyrobot.service.RobotServiceTest$Rotations" time="0.001"/>
  <testcase name="Four RIGHT turns bring the robot back to NORTH" classname="com.toyrobot.service.RobotServiceTest$Rotations" time="0.001"/>
  <system-out><![CDATA[02:16:00.730 [Test worker] INFO com.toyrobot.service.RobotService -- Robot placed at (2,2) facing NORTH
02:16:00.730 [Test worker] INFO com.toyrobot.service.RobotService -- Robot turned LEFT: NORTH -> WEST
02:16:00.730 [Test worker] INFO com.toyrobot.service.RobotService -- Robot turned LEFT: WEST -> SOUTH
02:16:00.730 [Test worker] INFO com.toyrobot.service.RobotService -- Robot turned LEFT: SOUTH -> EAST
02:16:00.730 [Test worker] INFO com.toyrobot.service.RobotService -- Robot turned LEFT: EAST -> NORTH
02:16:00.730 [Test worker] INFO com.toyrobot.service.RobotService -- REPORT: 2,2,NORTH
02:16:00.731 [Test worker] INFO com.toyrobot.service.RobotService -- Robot placed at (2,2) facing NORTH
02:16:00.731 [Test worker] INFO com.toyrobot.service.RobotService -- Robot turned LEFT: NORTH -> WEST
02:16:00.731 [Test worker] INFO com.toyrobot.service.RobotService -- REPORT: 2,2,WEST
02:16:00.731 [Test worker] INFO com.toyrobot.service.RobotService -- Robot turned LEFT: WEST -> SOUTH
02:16:00.731 [Test worker] INFO com.toyrobot.service.RobotService -- REPORT: 2,2,SOUTH
02:16:00.731 [Test worker] INFO com.toyrobot.service.RobotService -- Robot turned LEFT: SOUTH -> EAST
02:16:00.731 [Test worker] INFO com.toyrobot.service.RobotService -- REPORT: 2,2,EAST
02:16:00.731 [Test worker] INFO com.toyrobot.service.RobotService -- Robot turned LEFT: EAST -> NORTH
02:16:00.731 [Test worker] INFO com.toyrobot.service.RobotService -- REPORT: 2,2,NORTH
02:16:00.732 [Test worker] INFO com.toyrobot.service.RobotService -- Robot placed at (2,2) facing NORTH
02:16:00.732 [Test worker] INFO com.toyrobot.service.RobotService -- Robot turned RIGHT: NORTH -> EAST
02:16:00.732 [Test worker] INFO com.toyrobot.service.RobotService -- REPORT: 2,2,EAST
02:16:00.732 [Test worker] INFO com.toyrobot.service.RobotService -- Robot turned RIGHT: EAST -> SOUTH
02:16:00.732 [Test worker] INFO com.toyrobot.service.RobotService -- REPORT: 2,2,SOUTH
02:16:00.732 [Test worker] INFO com.toyrobot.service.RobotService -- Robot turned RIGHT: SOUTH -> WEST
02:16:00.732 [Test worker] INFO com.toyrobot.service.RobotService -- REPORT: 2,2,WEST
02:16:00.732 [Test worker] INFO com.toyrobot.service.RobotService -- Robot turned RIGHT: WEST -> NORTH
02:16:00.732 [Test worker] INFO com.toyrobot.service.RobotService -- REPORT: 2,2,NORTH
02:16:00.733 [Test worker] INFO com.toyrobot.service.RobotService -- Robot placed at (2,2) facing NORTH
02:16:00.733 [Test worker] INFO com.toyrobot.service.RobotService -- Robot turned RIGHT: NORTH -> EAST
02:16:00.733 [Test worker] INFO com.toyrobot.service.RobotService -- Robot turned RIGHT: EAST -> SOUTH
02:16:00.733 [Test worker] INFO com.toyrobot.service.RobotService -- Robot turned RIGHT: SOUTH -> WEST
02:16:00.733 [Test worker] INFO com.toyrobot.service.RobotService -- Robot turned RIGHT: WEST -> NORTH
02:16:00.733 [Test worker] INFO com.toyrobot.service.RobotService -- REPORT: 2,2,NORTH
]]></system-out>
  <system-err><![CDATA[]]></system-err>
</testsuite>
