<?xml version="1.0" encoding="UTF-8"?>
<testsuite name="Input robustness" tests="9" skipped="0" failures="0" errors="0" timestamp="2026-03-28T19:16:00" hostname="Twins-MacBook-Pro.local" time="0.006">
  <properties/>
  <testcase name="Commands are case-insensitive for PLACE direction" classname="com.toyrobot.service.RobotServiceTest$InputRobustness" time="0.0"/>
  <testcase name="PLACE with wrong number of args is ignored" classname="com.toyrobot.service.RobotServiceTest$InputRobustness" time="0.0"/>
  <testcase name="Unknown commands are silently ignored" classname="com.toyrobot.service.RobotServiceTest$InputRobustness" time="0.001"/>
  <testcase name="PLACE with malformed args is ignored" classname="com.toyrobot.service.RobotServiceTest$InputRobustness" time="0.001"/>
  <testcase name="Blank / whitespace-only lines are ignored" classname="com.toyrobot.service.RobotServiceTest$InputRobustness" time="0.0"/>
  <testcase name="Commands are case-insensitive for MOVE/LEFT/RIGHT/REPORT" classname="com.toyrobot.service.RobotServiceTest$InputRobustness" time="0.0"/>
  <testcase name="Comment lines (starting with #) are ignored" classname="com.toyrobot.service.RobotServiceTest$InputRobustness" time="0.001"/>
  <testcase name="Null input is handled gracefully" classname="com.toyrobot.service.RobotServiceTest$InputRobustness" time="0.001"/>
  <testcase name="PLACE with invalid direction string is ignored" classname="com.toyrobot.service.RobotServiceTest$InputRobustness" time="0.0"/>
  <system-out><![CDATA[02:16:00.723 [Test worker] INFO com.toyrobot.service.RobotService -- Robot placed at (1,1) facing NORTH
02:16:00.723 [Test worker] INFO com.toyrobot.service.RobotService -- REPORT: 1,1,NORTH
02:16:00.724 [Test worker] WARN com.toyrobot.service.RobotService -- PLACE command expects X,Y,F — got [1,2], ignored
02:16:00.724 [Test worker] WARN com.toyrobot.service.RobotService -- PLACE command expects X,Y,F — got [1,2,NORTH,EXTRA], ignored
02:16:00.724 [Test worker] INFO com.toyrobot.service.RobotService -- Robot placed at (1,1) facing NORTH
02:16:00.725 [Test worker] WARN com.toyrobot.service.RobotService -- Unknown command ignored: [FLY]
02:16:00.725 [Test worker] WARN com.toyrobot.service.RobotService -- Unknown command ignored: [JUMP 2,2]
02:16:00.725 [Test worker] INFO com.toyrobot.service.RobotService -- REPORT: 1,1,NORTH
02:16:00.725 [Test worker] WARN com.toyrobot.service.RobotService -- PLACE command has malformed arguments [PLACE abc,def,NORTH], ignored: For input string: "abc"
02:16:00.726 [Test worker] INFO com.toyrobot.service.RobotService -- Robot placed at (1,1) facing NORTH
02:16:00.726 [Test worker] INFO com.toyrobot.service.RobotService -- REPORT: 1,1,NORTH
02:16:00.727 [Test worker] INFO com.toyrobot.service.RobotService -- Robot placed at (0,0) facing NORTH
02:16:00.727 [Test worker] INFO com.toyrobot.service.RobotService -- Robot moved from (0,0) to (0,1)
02:16:00.727 [Test worker] INFO com.toyrobot.service.RobotService -- Robot turned LEFT: NORTH -> WEST
02:16:00.727 [Test worker] INFO com.toyrobot.service.RobotService -- REPORT: 0,1,WEST
02:16:00.727 [Test worker] INFO com.toyrobot.service.RobotService -- Robot placed at (1,1) facing NORTH
02:16:00.727 [Test worker] WARN com.toyrobot.service.RobotService -- Unknown command ignored: [# This is a comment]
02:16:00.728 [Test worker] INFO com.toyrobot.service.RobotService -- REPORT: 1,1,NORTH
02:16:00.729 [Test worker] WARN com.toyrobot.service.RobotService -- PLACE command has malformed arguments [PLACE 1,2,DIAGONAL], ignored: No enum constant com.toyrobot.utils.Direction.DIAGONAL
]]></system-out>
  <system-err><![CDATA[]]></system-err>
</testsuite>
